11-May-2025 12:31:12.948 INFORMACIÓN [main] org.apache.catalina.startup.VersionLoggerListener.log Nombre de la versión del servidor: Apache Tomcat/11.0.6
11-May-2025 12:31:12.951 INFORMACIÓN [main] org.apache.catalina.startup.VersionLoggerListener.log Server built:                      Apr 1 2025 14:40:40 UTC
11-May-2025 12:31:12.951 INFORMACIÓN [main] org.apache.catalina.startup.VersionLoggerListener.log Número de versión de servidor:     11.0.6.0
11-May-2025 12:31:12.951 INFORMACIÓN [main] org.apache.catalina.startup.VersionLoggerListener.log OS Name:                           Windows 11
11-May-2025 12:31:12.952 INFORMACIÓN [main] org.apache.catalina.startup.VersionLoggerListener.log Versión de Systema Operativo:      10.0
11-May-2025 12:31:12.952 INFORMACIÓN [main] org.apache.catalina.startup.VersionLoggerListener.log Arquitectura:                      amd64
11-May-2025 12:31:12.952 INFORMACIÓN [main] org.apache.catalina.startup.VersionLoggerListener.log Java Home:                         C:\Program Files\Amazon Corretto\jdk21.0.4_7
11-May-2025 12:31:12.952 INFORMACIÓN [main] org.apache.catalina.startup.VersionLoggerListener.log JVM Version:                       21.0.4+7-LTS
11-May-2025 12:31:12.953 INFORMACIÓN [main] org.apache.catalina.startup.VersionLoggerListener.log Vededor JVM:                       Amazon.com Inc.
11-May-2025 12:31:12.953 INFORMACIÓN [main] org.apache.catalina.startup.VersionLoggerListener.log CATALINA_BASE:                     C:\Users\joseo\OneDrive\Documentos\GitHub\andresGuzman\masterJava\javaEE\apache-tomcat-11.0.6
11-May-2025 12:31:12.953 INFORMACIÓN [main] org.apache.catalina.startup.VersionLoggerListener.log CATALINA_HOME:                     C:\Users\joseo\OneDrive\Documentos\GitHub\andresGuzman\masterJava\javaEE\apache-tomcat-11.0.6
11-May-2025 12:31:12.964 INFORMACIÓN [main] org.apache.catalina.startup.VersionLoggerListener.log Command line argument:             -Djava.util.logging.config.file=C:\Users\joseo\OneDrive\Documentos\GitHub\andresGuzman\masterJava\javaEE\apache-tomcat-11.0.6\conf\logging.properties
11-May-2025 12:31:12.964 INFORMACIÓN [main] org.apache.catalina.startup.VersionLoggerListener.log Command line argument:             -Djava.util.logging.manager=org.apache.juli.ClassLoaderLogManager
11-May-2025 12:31:12.964 INFORMACIÓN [main] org.apache.catalina.startup.VersionLoggerListener.log Command line argument:             -Djdk.tls.ephemeralDHKeySize=2048
11-May-2025 12:31:12.964 INFORMACIÓN [main] org.apache.catalina.startup.VersionLoggerListener.log Command line argument:             --add-opens=java.base/java.lang=ALL-UNNAMED
11-May-2025 12:31:12.964 INFORMACIÓN [main] org.apache.catalina.startup.VersionLoggerListener.log Command line argument:             --add-opens=java.base/java.lang.reflect=ALL-UNNAMED
11-May-2025 12:31:12.965 INFORMACIÓN [main] org.apache.catalina.startup.VersionLoggerListener.log Command line argument:             --add-opens=java.base/java.io=ALL-UNNAMED
11-May-2025 12:31:12.965 INFORMACIÓN [main] org.apache.catalina.startup.VersionLoggerListener.log Command line argument:             --add-opens=java.base/java.util=ALL-UNNAMED
11-May-2025 12:31:12.965 INFORMACIÓN [main] org.apache.catalina.startup.VersionLoggerListener.log Command line argument:             --add-opens=java.base/java.util.concurrent=ALL-UNNAMED
11-May-2025 12:31:12.965 INFORMACIÓN [main] org.apache.catalina.startup.VersionLoggerListener.log Command line argument:             --add-opens=java.rmi/sun.rmi.transport=ALL-UNNAMED
11-May-2025 12:31:12.965 INFORMACIÓN [main] org.apache.catalina.startup.VersionLoggerListener.log Command line argument:             --enable-native-access=ALL-UNNAMED
11-May-2025 12:31:12.965 INFORMACIÓN [main] org.apache.catalina.startup.VersionLoggerListener.log Command line argument:             -Dcatalina.base=C:\Users\joseo\OneDrive\Documentos\GitHub\andresGuzman\masterJava\javaEE\apache-tomcat-11.0.6
11-May-2025 12:31:12.965 INFORMACIÓN [main] org.apache.catalina.startup.VersionLoggerListener.log Command line argument:             -Dcatalina.home=C:\Users\joseo\OneDrive\Documentos\GitHub\andresGuzman\masterJava\javaEE\apache-tomcat-11.0.6
11-May-2025 12:31:12.965 INFORMACIÓN [main] org.apache.catalina.startup.VersionLoggerListener.log Command line argument:             -Djava.io.tmpdir=C:\Users\joseo\OneDrive\Documentos\GitHub\andresGuzman\masterJava\javaEE\apache-tomcat-11.0.6\temp
11-May-2025 12:31:12.969 INFORMACIÓN [main] org.apache.catalina.core.AprLifecycleListener.lifecycleEvent Cargada la biblioteca nativa APR de Apache Tomcat [2.0.8] con la versión APR [1.7.4].
11-May-2025 12:31:12.982 INFORMACIÓN [main] org.apache.catalina.core.AprLifecycleListener.initializeSSL OpenSSL inicializado correctamente [OpenSSL 3.0.14 4 Jun 2024]
11-May-2025 12:31:13.226 INFORMACIÓN [main] org.apache.coyote.AbstractProtocol.init Inicializando el manejador de protocolo ["http-nio-8080"]

11-May-2025 12:31:13.243 INFORMACIÓN [main] org.apache.catalina.startup.Catalina.load Server initialization in [468] milliseconds
11-May-2025 12:31:13.287 INFORMACIÓN [main] org.apache.catalina.core.StandardService.startInternal Arrancando servicio [Catalina]
11-May-2025 12:31:13.287 INFORMACIÓN [main] org.apache.catalina.core.StandardEngine.startInternal Starting Servlet engine: [Apache Tomcat/11.0.6]
11-May-2025 12:31:13.298 INFORMACIÓN [main] org.apache.catalina.startup.HostConfig.deployDirectory Desplegando el directorio [C:\Users\joseo\OneDrive\Documentos\GitHub\andresGuzman\masterJava\javaEE\apache-tomcat-11.0.6\webapps\docs] de la aplicación web
11-May-2025 12:31:13.569 INFORMACIÓN [main] org.apache.catalina.startup.HostConfig.deployDirectory Deployment of web application directory [C:\Users\joseo\OneDrive\Documentos\GitHub\andresGuzman\masterJava\javaEE\apache-tomcat-11.0.6\webapps\docs] has finished in [268] ms
11-May-2025 12:31:13.569 INFORMACIÓN [main] org.apache.catalina.startup.HostConfig.deployDirectory Desplegando el directorio [C:\Users\joseo\OneDrive\Documentos\GitHub\andresGuzman\masterJava\javaEE\apache-tomcat-11.0.6\webapps\examples] de la aplicación web
11-May-2025 12:31:14.315 INFORMACIÓN [main] org.apache.catalina.startup.HostConfig.deployDirectory Deployment of web application directory [C:\Users\joseo\OneDrive\Documentos\GitHub\andresGuzman\masterJava\javaEE\apache-tomcat-11.0.6\webapps\examples] has finished in [745] ms
11-May-2025 12:31:14.315 INFORMACIÓN [main] org.apache.catalina.startup.HostConfig.deployDirectory Desplegando el directorio [C:\Users\joseo\OneDrive\Documentos\GitHub\andresGuzman\masterJava\javaEE\apache-tomcat-11.0.6\webapps\host-manager] de la aplicación web
11-May-2025 12:31:14.358 INFORMACIÓN [main] org.apache.catalina.startup.HostConfig.deployDirectory Deployment of web application directory [C:\Users\joseo\OneDrive\Documentos\GitHub\andresGuzman\masterJava\javaEE\apache-tomcat-11.0.6\webapps\host-manager] has finished in [43] ms
11-May-2025 12:31:14.358 INFORMACIÓN [main] org.apache.catalina.startup.HostConfig.deployDirectory Desplegando el directorio [C:\Users\joseo\OneDrive\Documentos\GitHub\andresGuzman\masterJava\javaEE\apache-tomcat-11.0.6\webapps\manager] de la aplicación web
11-May-2025 12:31:14.401 INFORMACIÓN [main] org.apache.catalina.startup.HostConfig.deployDirectory Deployment of web application directory [C:\Users\joseo\OneDrive\Documentos\GitHub\andresGuzman\masterJava\javaEE\apache-tomcat-11.0.6\webapps\manager] has finished in [43] ms
11-May-2025 12:31:14.401 INFORMACIÓN [main] org.apache.catalina.startup.HostConfig.deployDirectory Desplegando el directorio [C:\Users\joseo\OneDrive\Documentos\GitHub\andresGuzman\masterJava\javaEE\apache-tomcat-11.0.6\webapps\ROOT] de la aplicación web
11-May-2025 12:31:14.432 INFORMACIÓN [main] org.apache.catalina.startup.HostConfig.deployDirectory Deployment of web application directory [C:\Users\joseo\OneDrive\Documentos\GitHub\andresGuzman\masterJava\javaEE\apache-tomcat-11.0.6\webapps\ROOT] has finished in [31] ms
11-May-2025 12:31:14.435 INFORMACIÓN [main] org.apache.coyote.AbstractProtocol.start Starting ProtocolHandler ["http-nio-8080"]
11-May-2025 12:31:14.453 INFORMACIÓN [main] org.apache.catalina.startup.Catalina.start Server startup in [1208] milliseconds
11-May-2025 12:31:49.224 INFORMACIÓN [http-nio-8080-exec-1] org.apache.catalina.startup.HostConfig.deployWAR Despliegue del archivo [C:\Users\joseo\OneDrive\Documentos\GitHub\andresGuzman\masterJava\javaEE\apache-tomcat-11.0.6\webapps\webApp.war] de la aplicación web
11-May-2025 12:31:49.272 INFORMACIÓN [http-nio-8080-exec-1] org.apache.catalina.startup.HostConfig.deployWAR Deployment of web application archive [C:\Users\joseo\OneDrive\Documentos\GitHub\andresGuzman\masterJava\javaEE\apache-tomcat-11.0.6\webapps\webApp.war] has finished in [48] ms
11-May-2025 12:39:04.401 INFORMACIÓN [http-nio-8080-exec-2] org.apache.catalina.startup.HostConfig.undeploy Repliegue (undeploy) de la aplicación web que tiene como trayectoria de contexto [/webApp]
11-May-2025 12:39:04.419 INFORMACIÓN [http-nio-8080-exec-2] org.apache.catalina.startup.HostConfig.deployWAR Despliegue del archivo [C:\Users\joseo\OneDrive\Documentos\GitHub\andresGuzman\masterJava\javaEE\apache-tomcat-11.0.6\webapps\webApp.war] de la aplicación web
11-May-2025 12:39:04.464 INFORMACIÓN [http-nio-8080-exec-2] org.apache.catalina.startup.HostConfig.deployWAR Deployment of web application archive [C:\Users\joseo\OneDrive\Documentos\GitHub\andresGuzman\masterJava\javaEE\apache-tomcat-11.0.6\webapps\webApp.war] has finished in [45] ms
11-May-2025 13:07:01.140 INFORMACIÓN [main] org.apache.catalina.startup.VersionLoggerListener.log Nombre de la versión del servidor: Apache Tomcat/11.0.6
11-May-2025 13:07:01.143 INFORMACIÓN [main] org.apache.catalina.startup.VersionLoggerListener.log Server built:                      Apr 1 2025 14:40:40 UTC
11-May-2025 13:07:01.144 INFORMACIÓN [main] org.apache.catalina.startup.VersionLoggerListener.log Número de versión de servidor:     11.0.6.0
11-May-2025 13:07:01.144 INFORMACIÓN [main] org.apache.catalina.startup.VersionLoggerListener.log OS Name:                           Windows 11
11-May-2025 13:07:01.144 INFORMACIÓN [main] org.apache.catalina.startup.VersionLoggerListener.log Versión de Systema Operativo:      10.0
11-May-2025 13:07:01.145 INFORMACIÓN [main] org.apache.catalina.startup.VersionLoggerListener.log Arquitectura:                      amd64
11-May-2025 13:07:01.145 INFORMACIÓN [main] org.apache.catalina.startup.VersionLoggerListener.log Java Home:                         C:\Program Files\Amazon Corretto\jdk21.0.4_7
11-May-2025 13:07:01.145 INFORMACIÓN [main] org.apache.catalina.startup.VersionLoggerListener.log JVM Version:                       21.0.4+7-LTS
11-May-2025 13:07:01.145 INFORMACIÓN [main] org.apache.catalina.startup.VersionLoggerListener.log Vededor JVM:                       Amazon.com Inc.
11-May-2025 13:07:01.145 INFORMACIÓN [main] org.apache.catalina.startup.VersionLoggerListener.log CATALINA_BASE:                     C:\Users\joseo\OneDrive\Documentos\GitHub\andresGuzman\masterJava\javaEE\apache-tomcat-11.0.6
11-May-2025 13:07:01.145 INFORMACIÓN [main] org.apache.catalina.startup.VersionLoggerListener.log CATALINA_HOME:                     C:\Users\joseo\OneDrive\Documentos\GitHub\andresGuzman\masterJava\javaEE\apache-tomcat-11.0.6
11-May-2025 13:07:01.154 INFORMACIÓN [main] org.apache.catalina.startup.VersionLoggerListener.log Command line argument:             -Djava.util.logging.config.file=C:\Users\joseo\OneDrive\Documentos\GitHub\andresGuzman\masterJava\javaEE\apache-tomcat-11.0.6\conf\logging.properties
11-May-2025 13:07:01.154 INFORMACIÓN [main] org.apache.catalina.startup.VersionLoggerListener.log Command line argument:             -Djava.util.logging.manager=org.apache.juli.ClassLoaderLogManager
11-May-2025 13:07:01.154 INFORMACIÓN [main] org.apache.catalina.startup.VersionLoggerListener.log Command line argument:             -Djdk.tls.ephemeralDHKeySize=2048
11-May-2025 13:07:01.155 INFORMACIÓN [main] org.apache.catalina.startup.VersionLoggerListener.log Command line argument:             --add-opens=java.base/java.lang=ALL-UNNAMED
11-May-2025 13:07:01.155 INFORMACIÓN [main] org.apache.catalina.startup.VersionLoggerListener.log Command line argument:             --add-opens=java.base/java.lang.reflect=ALL-UNNAMED
11-May-2025 13:07:01.155 INFORMACIÓN [main] org.apache.catalina.startup.VersionLoggerListener.log Command line argument:             --add-opens=java.base/java.io=ALL-UNNAMED
11-May-2025 13:07:01.155 INFORMACIÓN [main] org.apache.catalina.startup.VersionLoggerListener.log Command line argument:             --add-opens=java.base/java.util=ALL-UNNAMED
11-May-2025 13:07:01.155 INFORMACIÓN [main] org.apache.catalina.startup.VersionLoggerListener.log Command line argument:             --add-opens=java.base/java.util.concurrent=ALL-UNNAMED
11-May-2025 13:07:01.155 INFORMACIÓN [main] org.apache.catalina.startup.VersionLoggerListener.log Command line argument:             --add-opens=java.rmi/sun.rmi.transport=ALL-UNNAMED
11-May-2025 13:07:01.155 INFORMACIÓN [main] org.apache.catalina.startup.VersionLoggerListener.log Command line argument:             --enable-native-access=ALL-UNNAMED
11-May-2025 13:07:01.155 INFORMACIÓN [main] org.apache.catalina.startup.VersionLoggerListener.log Command line argument:             -Dcatalina.base=C:\Users\joseo\OneDrive\Documentos\GitHub\andresGuzman\masterJava\javaEE\apache-tomcat-11.0.6
11-May-2025 13:07:01.155 INFORMACIÓN [main] org.apache.catalina.startup.VersionLoggerListener.log Command line argument:             -Dcatalina.home=C:\Users\joseo\OneDrive\Documentos\GitHub\andresGuzman\masterJava\javaEE\apache-tomcat-11.0.6
11-May-2025 13:07:01.156 INFORMACIÓN [main] org.apache.catalina.startup.VersionLoggerListener.log Command line argument:             -Djava.io.tmpdir=C:\Users\joseo\OneDrive\Documentos\GitHub\andresGuzman\masterJava\javaEE\apache-tomcat-11.0.6\temp
11-May-2025 13:07:01.158 INFORMACIÓN [main] org.apache.catalina.core.AprLifecycleListener.lifecycleEvent Cargada la biblioteca nativa APR de Apache Tomcat [2.0.8] con la versión APR [1.7.4].
11-May-2025 13:07:01.162 INFORMACIÓN [main] org.apache.catalina.core.AprLifecycleListener.initializeSSL OpenSSL inicializado correctamente [OpenSSL 3.0.14 4 Jun 2024]
11-May-2025 13:07:01.403 INFORMACIÓN [main] org.apache.coyote.AbstractProtocol.init Inicializando el manejador de protocolo ["http-nio-8080"]

11-May-2025 13:07:01.414 GRAVE [main] org.apache.catalina.util.LifecycleBase.handleSubClassException Fallo al iniciar el componente [Connector["http-nio-8080"]]
	org.apache.catalina.LifecycleException: Falló la inicialización del manejador de protocolo
		at org.apache.catalina.connector.Connector.initInternal(Connector.java:1054)
		at org.apache.catalina.util.LifecycleBase.init(LifecycleBase.java:122)
		at org.apache.catalina.core.StandardService.initInternal(StandardService.java:522)
		at org.apache.catalina.util.LifecycleBase.init(LifecycleBase.java:122)
		at org.apache.catalina.core.StandardServer.initInternal(StandardServer.java:953)
		at org.apache.catalina.util.LifecycleBase.init(LifecycleBase.java:122)
		at org.apache.catalina.startup.Catalina.load(Catalina.java:710)
		at org.apache.catalina.startup.Catalina.load(Catalina.java:733)
		at java.base/jdk.internal.reflect.DirectMethodHandleAccessor.invoke(DirectMethodHandleAccessor.java:103)
		at java.base/java.lang.reflect.Method.invoke(Method.java:580)
		at org.apache.catalina.startup.Bootstrap.load(Bootstrap.java:299)
		at org.apache.catalina.startup.Bootstrap.main(Bootstrap.java:472)
	Caused by: java.net.BindException: Address already in use: bind
		at java.base/sun.nio.ch.Net.bind0(Native Method)
		at java.base/sun.nio.ch.Net.bind(Net.java:565)
		at java.base/sun.nio.ch.ServerSocketChannelImpl.netBind(ServerSocketChannelImpl.java:344)
		at java.base/sun.nio.ch.ServerSocketChannelImpl.bind(ServerSocketChannelImpl.java:301)
		at org.apache.tomcat.util.net.NioEndpoint.initServerSocket(NioEndpoint.java:241)
		at org.apache.tomcat.util.net.NioEndpoint.bind(NioEndpoint.java:196)
		at org.apache.tomcat.util.net.AbstractEndpoint.bindWithCleanup(AbstractEndpoint.java:1470)
		at org.apache.tomcat.util.net.AbstractEndpoint.init(AbstractEndpoint.java:1483)
		at org.apache.coyote.AbstractProtocol.init(AbstractProtocol.java:633)
		at org.apache.coyote.http11.AbstractHttp11Protocol.init(AbstractHttp11Protocol.java:83)
		at org.apache.catalina.connector.Connector.initInternal(Connector.java:1052)
		... 11 more
11-May-2025 13:07:01.415 INFORMACIÓN [main] org.apache.catalina.startup.Catalina.load Server initialization in [436] milliseconds
11-May-2025 13:07:01.456 INFORMACIÓN [main] org.apache.catalina.core.StandardService.startInternal Arrancando servicio [Catalina]
11-May-2025 13:07:01.456 INFORMACIÓN [main] org.apache.catalina.core.StandardEngine.startInternal Starting Servlet engine: [Apache Tomcat/11.0.6]
11-May-2025 13:07:01.474 INFORMACIÓN [main] org.apache.catalina.startup.HostConfig.deployWAR Despliegue del archivo [C:\Users\joseo\OneDrive\Documentos\GitHub\andresGuzman\masterJava\javaEE\apache-tomcat-11.0.6\webapps\webApp.war] de la aplicación web
11-May-2025 13:07:01.715 INFORMACIÓN [main] org.apache.catalina.startup.HostConfig.deployWAR Deployment of web application archive [C:\Users\joseo\OneDrive\Documentos\GitHub\andresGuzman\masterJava\javaEE\apache-tomcat-11.0.6\webapps\webApp.war] has finished in [239] ms
11-May-2025 13:07:01.716 INFORMACIÓN [main] org.apache.catalina.startup.HostConfig.deployDirectory Desplegando el directorio [C:\Users\joseo\OneDrive\Documentos\GitHub\andresGuzman\masterJava\javaEE\apache-tomcat-11.0.6\webapps\docs] de la aplicación web
11-May-2025 13:07:01.749 INFORMACIÓN [main] org.apache.catalina.startup.HostConfig.deployDirectory Deployment of web application directory [C:\Users\joseo\OneDrive\Documentos\GitHub\andresGuzman\masterJava\javaEE\apache-tomcat-11.0.6\webapps\docs] has finished in [33] ms
11-May-2025 13:07:01.749 INFORMACIÓN [main] org.apache.catalina.startup.HostConfig.deployDirectory Desplegando el directorio [C:\Users\joseo\OneDrive\Documentos\GitHub\andresGuzman\masterJava\javaEE\apache-tomcat-11.0.6\webapps\examples] de la aplicación web
11-May-2025 13:07:02.136 INFORMACIÓN [main] org.apache.catalina.startup.HostConfig.deployDirectory Deployment of web application directory [C:\Users\joseo\OneDrive\Documentos\GitHub\andresGuzman\masterJava\javaEE\apache-tomcat-11.0.6\webapps\examples] has finished in [386] ms
11-May-2025 13:07:02.136 INFORMACIÓN [main] org.apache.catalina.startup.HostConfig.deployDirectory Desplegando el directorio [C:\Users\joseo\OneDrive\Documentos\GitHub\andresGuzman\masterJava\javaEE\apache-tomcat-11.0.6\webapps\host-manager] de la aplicación web
11-May-2025 13:07:02.171 INFORMACIÓN [main] org.apache.catalina.startup.HostConfig.deployDirectory Deployment of web application directory [C:\Users\joseo\OneDrive\Documentos\GitHub\andresGuzman\masterJava\javaEE\apache-tomcat-11.0.6\webapps\host-manager] has finished in [35] ms
11-May-2025 13:07:02.172 INFORMACIÓN [main] org.apache.catalina.startup.HostConfig.deployDirectory Desplegando el directorio [C:\Users\joseo\OneDrive\Documentos\GitHub\andresGuzman\masterJava\javaEE\apache-tomcat-11.0.6\webapps\manager] de la aplicación web
11-May-2025 13:07:02.209 INFORMACIÓN [main] org.apache.catalina.startup.HostConfig.deployDirectory Deployment of web application directory [C:\Users\joseo\OneDrive\Documentos\GitHub\andresGuzman\masterJava\javaEE\apache-tomcat-11.0.6\webapps\manager] has finished in [37] ms
11-May-2025 13:07:02.210 INFORMACIÓN [main] org.apache.catalina.startup.HostConfig.deployDirectory Desplegando el directorio [C:\Users\joseo\OneDrive\Documentos\GitHub\andresGuzman\masterJava\javaEE\apache-tomcat-11.0.6\webapps\ROOT] de la aplicación web
11-May-2025 13:07:02.234 INFORMACIÓN [main] org.apache.catalina.startup.HostConfig.deployDirectory Deployment of web application directory [C:\Users\joseo\OneDrive\Documentos\GitHub\andresGuzman\masterJava\javaEE\apache-tomcat-11.0.6\webapps\ROOT] has finished in [24] ms
11-May-2025 13:07:02.239 INFORMACIÓN [main] org.apache.catalina.startup.Catalina.start Server startup in [823] milliseconds
11-May-2025 13:07:02.245 GRAVE [main] org.apache.catalina.core.StandardServer.await Failed to create server shutdown socket on address [localhost] and port [8005] (base port [8005] and offset [0])
	java.net.BindException: Address already in use: bind
		at java.base/sun.nio.ch.Net.bind0(Native Method)
		at java.base/sun.nio.ch.Net.bind(Net.java:565)
		at java.base/sun.nio.ch.Net.bind(Net.java:554)
		at java.base/sun.nio.ch.NioSocketImpl.bind(NioSocketImpl.java:636)
		at java.base/java.net.ServerSocket.bind(ServerSocket.java:391)
		at java.base/java.net.ServerSocket.<init>(ServerSocket.java:278)
		at org.apache.catalina.core.StandardServer.await(StandardServer.java:532)
		at org.apache.catalina.startup.Catalina.await(Catalina.java:849)
		at org.apache.catalina.startup.Catalina.start(Catalina.java:797)
		at java.base/jdk.internal.reflect.DirectMethodHandleAccessor.invoke(DirectMethodHandleAccessor.java:103)
		at java.base/java.lang.reflect.Method.invoke(Method.java:580)
		at org.apache.catalina.startup.Bootstrap.start(Bootstrap.java:342)
		at org.apache.catalina.startup.Bootstrap.main(Bootstrap.java:473)
11-May-2025 13:07:02.246 INFORMACIÓN [main] org.apache.coyote.AbstractProtocol.pause Pausing ProtocolHandler ["http-nio-8080"]
11-May-2025 13:07:02.246 INFORMACIÓN [main] org.apache.catalina.core.StandardService.stopInternal Parando servicio [Catalina]
11-May-2025 13:07:02.265 INFORMACIÓN [main] org.apache.coyote.AbstractProtocol.stop Stopping ProtocolHandler ["http-nio-8080"]
11-May-2025 13:07:02.267 INFORMACIÓN [main] org.apache.coyote.AbstractProtocol.destroy Destroying ProtocolHandler ["http-nio-8080"]
11-May-2025 13:07:12.138 INFORMACIÓN [http-nio-8080-exec-11] org.apache.catalina.startup.HostConfig.undeploy Repliegue (undeploy) de la aplicación web que tiene como trayectoria de contexto [/webApp]
11-May-2025 13:07:12.149 INFORMACIÓN [http-nio-8080-exec-11] org.apache.catalina.startup.HostConfig.deployWAR Despliegue del archivo [C:\Users\joseo\OneDrive\Documentos\GitHub\andresGuzman\masterJava\javaEE\apache-tomcat-11.0.6\webapps\webApp.war] de la aplicación web
11-May-2025 13:07:12.198 INFORMACIÓN [http-nio-8080-exec-11] org.apache.catalina.startup.HostConfig.deployWAR Deployment of web application archive [C:\Users\joseo\OneDrive\Documentos\GitHub\andresGuzman\masterJava\javaEE\apache-tomcat-11.0.6\webapps\webApp.war] has finished in [49] ms
11-May-2025 13:08:55.384 INFORMACIÓN [http-nio-8080-exec-24] org.apache.catalina.startup.HostConfig.undeploy Repliegue (undeploy) de la aplicación web que tiene como trayectoria de contexto [/webApp]
11-May-2025 13:08:55.396 INFORMACIÓN [http-nio-8080-exec-24] org.apache.catalina.startup.HostConfig.deployWAR Despliegue del archivo [C:\Users\joseo\OneDrive\Documentos\GitHub\andresGuzman\masterJava\javaEE\apache-tomcat-11.0.6\webapps\webApp.war] de la aplicación web
11-May-2025 13:08:55.442 INFORMACIÓN [http-nio-8080-exec-24] org.apache.catalina.startup.HostConfig.deployWAR Deployment of web application archive [C:\Users\joseo\OneDrive\Documentos\GitHub\andresGuzman\masterJava\javaEE\apache-tomcat-11.0.6\webapps\webApp.war] has finished in [46] ms
